2025-11-17 12:17:29,675 ----------------------------------------------------------------------------------------------------
2025-11-17 12:17:29,677 Model: "SequenceTagger(
  (embeddings): StackedEmbeddings(
    (list_embedding_0): WordEmbeddings(
      'glove'
      (embedding): Embedding(400001, 100)
    )
    (list_embedding_1): FlairEmbeddings(
      (lm): LanguageModel(
        (drop): Dropout(p=0.05, inplace=False)
        (encoder): Embedding(300, 100)
        (rnn): LSTM(100, 2048)
      )
    )
    (list_embedding_2): FlairEmbeddings(
      (lm): LanguageModel(
        (drop): Dropout(p=0.05, inplace=False)
        (encoder): Embedding(300, 100)
        (rnn): LSTM(100, 2048)
      )
    )
  )
  (word_dropout): WordDropout(p=0.05)
  (locked_dropout): LockedDropout(p=0.5)
  (embedding2nn): Linear(in_features=4196, out_features=4196, bias=True)
  (rnn): LSTM(4196, 256, batch_first=True, bidirectional=True)
  (linear): Linear(in_features=512, out_features=11, bias=True)
  (loss_function): ViterbiLoss()
  (crf): CRF()
)"
2025-11-17 12:17:29,678 ----------------------------------------------------------------------------------------------------
2025-11-17 12:17:29,682 Corpus: 4774 train + 1023 dev + 1024 test sentences
2025-11-17 12:17:29,687 ----------------------------------------------------------------------------------------------------
2025-11-17 12:17:29,688 Train:  4774 sentences
2025-11-17 12:17:29,721         (train_with_dev=False, train_with_test=False)
2025-11-17 12:17:29,723 ----------------------------------------------------------------------------------------------------
2025-11-17 12:17:29,725 Training Params:
2025-11-17 12:17:29,738  - learning_rate: "0.1" 
2025-11-17 12:17:29,785  - mini_batch_size: "3"
2025-11-17 12:17:29,787  - max_epochs: "10"
2025-11-17 12:17:29,788  - shuffle: "True"
2025-11-17 12:17:29,791 ----------------------------------------------------------------------------------------------------
2025-11-17 12:17:29,792 Plugins:
2025-11-17 12:17:29,794  - AnnealOnPlateau | patience: '3', anneal_factor: '0.5', min_learning_rate: '0.0001'
2025-11-17 12:17:29,795 ----------------------------------------------------------------------------------------------------
2025-11-17 12:17:29,796 Final evaluation on model from best epoch (best-model.pt)
2025-11-17 12:17:29,799  - metric: "('micro avg', 'f1-score')"
2025-11-17 12:17:29,818 ----------------------------------------------------------------------------------------------------
2025-11-17 12:17:29,820 Computation:
2025-11-17 12:17:29,821  - compute on device: cpu
2025-11-17 12:17:29,824  - embedding storage: cpu
2025-11-17 12:17:29,826 ----------------------------------------------------------------------------------------------------
2025-11-17 12:17:29,828 Model training base path: "taggers/base-model"
2025-11-17 12:17:29,830 ----------------------------------------------------------------------------------------------------
2025-11-17 12:17:29,845 ----------------------------------------------------------------------------------------------------
2025-11-17 12:24:18,872 epoch 1 - iter 159/1592 - loss 0.46126878 - time (sec): 409.02 - samples/sec: 27.40 - lr: 0.100000 - momentum: 0.000000
2025-11-17 12:31:05,656 epoch 1 - iter 318/1592 - loss 0.40483007 - time (sec): 815.81 - samples/sec: 27.00 - lr: 0.100000 - momentum: 0.000000
2025-11-17 12:37:35,664 epoch 1 - iter 477/1592 - loss 0.36785620 - time (sec): 1205.82 - samples/sec: 27.10 - lr: 0.100000 - momentum: 0.000000
2025-11-17 12:43:48,483 epoch 1 - iter 636/1592 - loss 0.34619925 - time (sec): 1578.64 - samples/sec: 27.35 - lr: 0.100000 - momentum: 0.000000
2025-11-17 12:49:50,903 epoch 1 - iter 795/1592 - loss 0.32480924 - time (sec): 1941.06 - samples/sec: 27.95 - lr: 0.100000 - momentum: 0.000000
2025-11-17 12:55:32,476 epoch 1 - iter 954/1592 - loss 0.31030925 - time (sec): 2282.63 - samples/sec: 28.41 - lr: 0.100000 - momentum: 0.000000
2025-11-17 13:01:05,751 epoch 1 - iter 1113/1592 - loss 0.29838901 - time (sec): 2615.90 - samples/sec: 28.90 - lr: 0.100000 - momentum: 0.000000
2025-11-17 13:06:36,670 epoch 1 - iter 1272/1592 - loss 0.29098736 - time (sec): 2946.82 - samples/sec: 29.16 - lr: 0.100000 - momentum: 0.000000
2025-11-17 13:12:05,453 epoch 1 - iter 1431/1592 - loss 0.28350077 - time (sec): 3275.61 - samples/sec: 29.32 - lr: 0.100000 - momentum: 0.000000
2025-11-17 13:18:03,762 epoch 1 - iter 1590/1592 - loss 0.27537027 - time (sec): 3633.91 - samples/sec: 29.44 - lr: 0.100000 - momentum: 0.000000
2025-11-17 13:18:06,272 ----------------------------------------------------------------------------------------------------
2025-11-17 13:18:06,273 EPOCH 1 done: loss 0.2754 - lr: 0.100000
2025-11-17 13:24:19,763 DEV : loss 0.18162071704864502 - f1-score (micro avg)  0.6387
2025-11-17 13:31:09,068 TEST : loss 0.18214194476604462 - f1-score (micro avg)  0.6215
2025-11-17 13:31:09,297  - 0 epochs without improvement
2025-11-17 13:31:09,316 saving best model
2025-11-17 13:31:25,598 ----------------------------------------------------------------------------------------------------
2025-11-17 13:32:27,143 epoch 2 - iter 159/1592 - loss 0.20553949 - time (sec): 61.53 - samples/sec: 167.80 - lr: 0.100000 - momentum: 0.000000
2025-11-17 13:33:16,367 epoch 2 - iter 318/1592 - loss 0.20070372 - time (sec): 110.75 - samples/sec: 189.13 - lr: 0.100000 - momentum: 0.000000
2025-11-17 13:34:06,322 epoch 2 - iter 477/1592 - loss 0.19869279 - time (sec): 160.71 - samples/sec: 199.20 - lr: 0.100000 - momentum: 0.000000
2025-11-17 13:34:59,093 epoch 2 - iter 636/1592 - loss 0.19664315 - time (sec): 213.48 - samples/sec: 201.40 - lr: 0.100000 - momentum: 0.000000
2025-11-17 13:35:48,122 epoch 2 - iter 795/1592 - loss 0.19446780 - time (sec): 262.51 - samples/sec: 204.00 - lr: 0.100000 - momentum: 0.000000
2025-11-17 13:36:38,997 epoch 2 - iter 954/1592 - loss 0.19428217 - time (sec): 313.39 - samples/sec: 205.73 - lr: 0.100000 - momentum: 0.000000
2025-11-17 13:37:29,926 epoch 2 - iter 1113/1592 - loss 0.19442576 - time (sec): 364.31 - samples/sec: 205.89 - lr: 0.100000 - momentum: 0.000000
2025-11-17 13:38:22,438 epoch 2 - iter 1272/1592 - loss 0.19431438 - time (sec): 416.83 - samples/sec: 205.94 - lr: 0.100000 - momentum: 0.000000
2025-11-17 13:39:14,679 epoch 2 - iter 1431/1592 - loss 0.19384451 - time (sec): 469.07 - samples/sec: 205.55 - lr: 0.100000 - momentum: 0.000000
2025-11-17 13:40:18,443 epoch 2 - iter 1590/1592 - loss 0.19336447 - time (sec): 532.83 - samples/sec: 200.74 - lr: 0.100000 - momentum: 0.000000
2025-11-17 13:40:19,048 ----------------------------------------------------------------------------------------------------
2025-11-17 13:40:19,050 EPOCH 2 done: loss 0.1934 - lr: 0.100000
2025-11-17 13:41:02,264 DEV : loss 0.14447058737277985 - f1-score (micro avg)  0.6474
2025-11-17 13:41:42,204 TEST : loss 0.14387910068035126 - f1-score (micro avg)  0.6114
2025-11-17 13:41:42,508  - 0 epochs without improvement
2025-11-17 13:41:42,511 saving best model
2025-11-17 13:41:50,437 ----------------------------------------------------------------------------------------------------
2025-11-17 13:42:41,005 epoch 3 - iter 159/1592 - loss 0.18133872 - time (sec): 50.57 - samples/sec: 209.39 - lr: 0.100000 - momentum: 0.000000
2025-11-17 13:43:24,198 epoch 3 - iter 318/1592 - loss 0.18025998 - time (sec): 93.76 - samples/sec: 232.33 - lr: 0.100000 - momentum: 0.000000
2025-11-17 13:44:05,456 epoch 3 - iter 477/1592 - loss 0.17945798 - time (sec): 135.02 - samples/sec: 241.04 - lr: 0.100000 - momentum: 0.000000
2025-11-17 13:44:53,705 epoch 3 - iter 636/1592 - loss 0.17979215 - time (sec): 183.27 - samples/sec: 234.07 - lr: 0.100000 - momentum: 0.000000
2025-11-17 13:45:37,508 epoch 3 - iter 795/1592 - loss 0.18011451 - time (sec): 227.07 - samples/sec: 236.15 - lr: 0.100000 - momentum: 0.000000
2025-11-17 13:46:21,086 epoch 3 - iter 954/1592 - loss 0.18069298 - time (sec): 270.65 - samples/sec: 237.08 - lr: 0.100000 - momentum: 0.000000
2025-11-17 13:47:12,339 epoch 3 - iter 1113/1592 - loss 0.17964178 - time (sec): 321.90 - samples/sec: 233.71 - lr: 0.100000 - momentum: 0.000000
2025-11-17 13:47:53,713 epoch 3 - iter 1272/1592 - loss 0.17941273 - time (sec): 363.27 - samples/sec: 235.44 - lr: 0.100000 - momentum: 0.000000
2025-11-17 13:48:37,630 epoch 3 - iter 1431/1592 - loss 0.17835691 - time (sec): 407.19 - samples/sec: 236.83 - lr: 0.100000 - momentum: 0.000000
2025-11-17 13:49:21,971 epoch 3 - iter 1590/1592 - loss 0.17701949 - time (sec): 451.53 - samples/sec: 237.00 - lr: 0.100000 - momentum: 0.000000
2025-11-17 13:49:22,298 ----------------------------------------------------------------------------------------------------
2025-11-17 13:49:22,299 EPOCH 3 done: loss 0.1771 - lr: 0.100000
2025-11-17 13:49:50,623 DEV : loss 0.13780498504638672 - f1-score (micro avg)  0.6891
2025-11-17 13:50:20,549 TEST : loss 0.14080852270126343 - f1-score (micro avg)  0.6532
2025-11-17 13:50:20,681  - 0 epochs without improvement
2025-11-17 13:50:20,684 saving best model
2025-11-17 13:50:26,997 ----------------------------------------------------------------------------------------------------
2025-11-17 13:51:12,883 epoch 4 - iter 159/1592 - loss 0.15793921 - time (sec): 45.88 - samples/sec: 240.26 - lr: 0.100000 - momentum: 0.000000
2025-11-17 13:51:51,611 epoch 4 - iter 318/1592 - loss 0.16490828 - time (sec): 84.61 - samples/sec: 258.48 - lr: 0.100000 - momentum: 0.000000
2025-11-17 13:52:28,685 epoch 4 - iter 477/1592 - loss 0.16545509 - time (sec): 121.69 - samples/sec: 265.11 - lr: 0.100000 - momentum: 0.000000
2025-11-17 13:53:06,685 epoch 4 - iter 636/1592 - loss 0.16688128 - time (sec): 159.69 - samples/sec: 269.94 - lr: 0.100000 - momentum: 0.000000
2025-11-17 13:53:43,150 epoch 4 - iter 795/1592 - loss 0.16619847 - time (sec): 196.15 - samples/sec: 272.27 - lr: 0.100000 - momentum: 0.000000
2025-11-17 13:54:19,932 epoch 4 - iter 954/1592 - loss 0.16603491 - time (sec): 232.93 - samples/sec: 274.66 - lr: 0.100000 - momentum: 0.000000
2025-11-17 13:54:56,943 epoch 4 - iter 1113/1592 - loss 0.16549086 - time (sec): 269.94 - samples/sec: 276.07 - lr: 0.100000 - momentum: 0.000000
2025-11-17 13:55:33,544 epoch 4 - iter 1272/1592 - loss 0.16565957 - time (sec): 306.55 - samples/sec: 277.81 - lr: 0.100000 - momentum: 0.000000
2025-11-17 13:56:12,460 epoch 4 - iter 1431/1592 - loss 0.16557914 - time (sec): 345.46 - samples/sec: 277.76 - lr: 0.100000 - momentum: 0.000000
2025-11-17 13:56:50,793 epoch 4 - iter 1590/1592 - loss 0.16541549 - time (sec): 383.79 - samples/sec: 278.80 - lr: 0.100000 - momentum: 0.000000
2025-11-17 13:56:51,114 ----------------------------------------------------------------------------------------------------
2025-11-17 13:56:51,115 EPOCH 4 done: loss 0.1655 - lr: 0.100000
2025-11-17 13:57:19,476 DEV : loss 0.15123696625232697 - f1-score (micro avg)  0.6498
2025-11-17 13:57:49,322 TEST : loss 0.14808052778244019 - f1-score (micro avg)  0.6201
2025-11-17 13:57:49,456  - 1 epochs without improvement
2025-11-17 13:57:49,463 ----------------------------------------------------------------------------------------------------
2025-11-17 13:58:31,338 epoch 5 - iter 159/1592 - loss 0.16388193 - time (sec): 41.87 - samples/sec: 251.45 - lr: 0.100000 - momentum: 0.000000
2025-11-17 13:59:09,043 epoch 5 - iter 318/1592 - loss 0.16292185 - time (sec): 79.58 - samples/sec: 268.32 - lr: 0.100000 - momentum: 0.000000
2025-11-17 13:59:47,415 epoch 5 - iter 477/1592 - loss 0.16338193 - time (sec): 117.95 - samples/sec: 276.40 - lr: 0.100000 - momentum: 0.000000
2025-11-17 14:00:23,199 epoch 5 - iter 636/1592 - loss 0.16402132 - time (sec): 153.74 - samples/sec: 278.58 - lr: 0.100000 - momentum: 0.000000
2025-11-17 14:01:01,201 epoch 5 - iter 795/1592 - loss 0.16297297 - time (sec): 191.74 - samples/sec: 279.84 - lr: 0.100000 - momentum: 0.000000
2025-11-17 14:01:38,586 epoch 5 - iter 954/1592 - loss 0.16214993 - time (sec): 229.12 - samples/sec: 280.86 - lr: 0.100000 - momentum: 0.000000
2025-11-17 14:02:16,721 epoch 5 - iter 1113/1592 - loss 0.16030775 - time (sec): 267.26 - samples/sec: 281.16 - lr: 0.100000 - momentum: 0.000000
2025-11-17 14:02:55,338 epoch 5 - iter 1272/1592 - loss 0.16032716 - time (sec): 305.87 - samples/sec: 281.39 - lr: 0.100000 - momentum: 0.000000
2025-11-17 14:03:32,262 epoch 5 - iter 1431/1592 - loss 0.16001682 - time (sec): 342.80 - samples/sec: 281.54 - lr: 0.100000 - momentum: 0.000000
2025-11-17 14:04:09,288 epoch 5 - iter 1590/1592 - loss 0.16002873 - time (sec): 379.82 - samples/sec: 281.73 - lr: 0.100000 - momentum: 0.000000
2025-11-17 14:04:09,583 ----------------------------------------------------------------------------------------------------
2025-11-17 14:04:09,585 EPOCH 5 done: loss 0.1601 - lr: 0.100000
2025-11-17 14:04:09,586 Saving model at current epoch since 'save_model_each_k_epochs=5' was set
2025-11-17 14:04:51,492 DEV : loss 0.13070397078990936 - f1-score (micro avg)  0.6704
2025-11-17 14:05:21,303 TEST : loss 0.1294841766357422 - f1-score (micro avg)  0.665
2025-11-17 14:05:21,433  - 2 epochs without improvement
2025-11-17 14:05:21,437 ----------------------------------------------------------------------------------------------------
2025-11-17 14:05:58,188 epoch 6 - iter 159/1592 - loss 0.15550464 - time (sec): 36.75 - samples/sec: 287.00 - lr: 0.100000 - momentum: 0.000000
2025-11-17 14:06:35,353 epoch 6 - iter 318/1592 - loss 0.15283892 - time (sec): 73.91 - samples/sec: 287.39 - lr: 0.100000 - momentum: 0.000000
2025-11-17 14:07:13,219 epoch 6 - iter 477/1592 - loss 0.15345044 - time (sec): 111.78 - samples/sec: 286.78 - lr: 0.100000 - momentum: 0.000000
2025-11-17 14:07:50,741 epoch 6 - iter 636/1592 - loss 0.15630396 - time (sec): 149.30 - samples/sec: 286.51 - lr: 0.100000 - momentum: 0.000000
2025-11-17 14:08:29,617 epoch 6 - iter 795/1592 - loss 0.15595784 - time (sec): 188.18 - samples/sec: 286.05 - lr: 0.100000 - momentum: 0.000000
2025-11-17 14:09:08,106 epoch 6 - iter 954/1592 - loss 0.15536960 - time (sec): 226.67 - samples/sec: 286.02 - lr: 0.100000 - momentum: 0.000000
2025-11-17 14:09:44,873 epoch 6 - iter 1113/1592 - loss 0.15624432 - time (sec): 263.43 - samples/sec: 286.22 - lr: 0.100000 - momentum: 0.000000
2025-11-17 14:10:22,547 epoch 6 - iter 1272/1592 - loss 0.15587356 - time (sec): 301.11 - samples/sec: 285.87 - lr: 0.100000 - momentum: 0.000000
2025-11-17 14:10:59,234 epoch 6 - iter 1431/1592 - loss 0.15548889 - time (sec): 337.80 - samples/sec: 285.70 - lr: 0.100000 - momentum: 0.000000
2025-11-17 14:11:36,321 epoch 6 - iter 1590/1592 - loss 0.15534337 - time (sec): 374.88 - samples/sec: 285.34 - lr: 0.100000 - momentum: 0.000000
2025-11-17 14:11:36,787 ----------------------------------------------------------------------------------------------------
2025-11-17 14:11:36,788 EPOCH 6 done: loss 0.1553 - lr: 0.100000
2025-11-17 14:12:04,042 DEV : loss 0.12414522469043732 - f1-score (micro avg)  0.7036
2025-11-17 14:12:33,825 TEST : loss 0.12820088863372803 - f1-score (micro avg)  0.6763
2025-11-17 14:12:33,956  - 0 epochs without improvement
2025-11-17 14:12:33,958 saving best model
2025-11-17 14:12:39,963 ----------------------------------------------------------------------------------------------------
2025-11-17 14:13:17,535 epoch 7 - iter 159/1592 - loss 0.15060835 - time (sec): 37.57 - samples/sec: 292.73 - lr: 0.100000 - momentum: 0.000000
2025-11-17 14:13:54,311 epoch 7 - iter 318/1592 - loss 0.15028945 - time (sec): 74.35 - samples/sec: 291.15 - lr: 0.100000 - momentum: 0.000000
2025-11-17 14:14:32,240 epoch 7 - iter 477/1592 - loss 0.15276493 - time (sec): 112.28 - samples/sec: 286.47 - lr: 0.100000 - momentum: 0.000000
2025-11-17 14:15:08,550 epoch 7 - iter 636/1592 - loss 0.15131727 - time (sec): 148.59 - samples/sec: 287.05 - lr: 0.100000 - momentum: 0.000000
2025-11-17 14:15:45,375 epoch 7 - iter 795/1592 - loss 0.15232535 - time (sec): 185.41 - samples/sec: 287.76 - lr: 0.100000 - momentum: 0.000000
2025-11-17 14:16:23,821 epoch 7 - iter 954/1592 - loss 0.15198888 - time (sec): 223.86 - samples/sec: 287.70 - lr: 0.100000 - momentum: 0.000000
2025-11-17 14:17:00,147 epoch 7 - iter 1113/1592 - loss 0.15280211 - time (sec): 260.18 - samples/sec: 287.18 - lr: 0.100000 - momentum: 0.000000
2025-11-17 14:17:38,918 epoch 7 - iter 1272/1592 - loss 0.15298465 - time (sec): 298.95 - samples/sec: 286.94 - lr: 0.100000 - momentum: 0.000000
2025-11-17 14:18:16,095 epoch 7 - iter 1431/1592 - loss 0.15357760 - time (sec): 336.13 - samples/sec: 286.70 - lr: 0.100000 - momentum: 0.000000
2025-11-17 14:18:55,032 epoch 7 - iter 1590/1592 - loss 0.15403548 - time (sec): 375.07 - samples/sec: 285.23 - lr: 0.100000 - momentum: 0.000000
2025-11-17 14:18:55,380 ----------------------------------------------------------------------------------------------------
2025-11-17 14:18:55,382 EPOCH 7 done: loss 0.1540 - lr: 0.100000
2025-11-17 14:19:23,409 DEV : loss 0.12209146469831467 - f1-score (micro avg)  0.6816
2025-11-17 14:19:53,032 TEST : loss 0.12481877207756042 - f1-score (micro avg)  0.655
2025-11-17 14:19:53,165  - 1 epochs without improvement
2025-11-17 14:19:53,167 ----------------------------------------------------------------------------------------------------
2025-11-17 14:20:31,422 epoch 8 - iter 159/1592 - loss 0.15343168 - time (sec): 38.25 - samples/sec: 289.93 - lr: 0.100000 - momentum: 0.000000
2025-11-17 14:21:06,835 epoch 8 - iter 318/1592 - loss 0.15598613 - time (sec): 73.67 - samples/sec: 286.50 - lr: 0.100000 - momentum: 0.000000
2025-11-17 14:21:44,116 epoch 8 - iter 477/1592 - loss 0.15467976 - time (sec): 110.95 - samples/sec: 287.54 - lr: 0.100000 - momentum: 0.000000
2025-11-17 14:22:21,357 epoch 8 - iter 636/1592 - loss 0.15319909 - time (sec): 148.19 - samples/sec: 285.14 - lr: 0.100000 - momentum: 0.000000
2025-11-17 14:22:57,906 epoch 8 - iter 795/1592 - loss 0.15290294 - time (sec): 184.74 - samples/sec: 285.97 - lr: 0.100000 - momentum: 0.000000
2025-11-17 14:23:35,397 epoch 8 - iter 954/1592 - loss 0.15163849 - time (sec): 222.23 - samples/sec: 285.90 - lr: 0.100000 - momentum: 0.000000
2025-11-17 14:24:11,534 epoch 8 - iter 1113/1592 - loss 0.15116571 - time (sec): 258.37 - samples/sec: 286.57 - lr: 0.100000 - momentum: 0.000000
2025-11-17 14:24:48,783 epoch 8 - iter 1272/1592 - loss 0.15131949 - time (sec): 295.61 - samples/sec: 287.32 - lr: 0.100000 - momentum: 0.000000
2025-11-17 14:25:27,389 epoch 8 - iter 1431/1592 - loss 0.15128533 - time (sec): 334.22 - samples/sec: 287.13 - lr: 0.100000 - momentum: 0.000000
2025-11-17 14:26:05,452 epoch 8 - iter 1590/1592 - loss 0.15144785 - time (sec): 372.28 - samples/sec: 287.37 - lr: 0.100000 - momentum: 0.000000
2025-11-17 14:26:05,840 ----------------------------------------------------------------------------------------------------
2025-11-17 14:26:05,841 EPOCH 8 done: loss 0.1515 - lr: 0.100000
2025-11-17 14:26:33,182 DEV : loss 0.12807288765907288 - f1-score (micro avg)  0.7071
2025-11-17 14:27:03,833 TEST : loss 0.13039879500865936 - f1-score (micro avg)  0.6951
2025-11-17 14:27:03,962  - 0 epochs without improvement
2025-11-17 14:27:03,964 saving best model
2025-11-17 14:27:09,978 ----------------------------------------------------------------------------------------------------
2025-11-17 14:27:44,900 epoch 9 - iter 159/1592 - loss 0.14714881 - time (sec): 34.92 - samples/sec: 296.07 - lr: 0.100000 - momentum: 0.000000
2025-11-17 14:28:22,167 epoch 9 - iter 318/1592 - loss 0.15040476 - time (sec): 72.19 - samples/sec: 293.11 - lr: 0.100000 - momentum: 0.000000
2025-11-17 14:28:59,050 epoch 9 - iter 477/1592 - loss 0.14993682 - time (sec): 109.07 - samples/sec: 292.98 - lr: 0.100000 - momentum: 0.000000
2025-11-17 14:29:37,150 epoch 9 - iter 636/1592 - loss 0.15025274 - time (sec): 147.17 - samples/sec: 292.71 - lr: 0.100000 - momentum: 0.000000
2025-11-17 14:30:14,624 epoch 9 - iter 795/1592 - loss 0.14958153 - time (sec): 184.64 - samples/sec: 292.09 - lr: 0.100000 - momentum: 0.000000
2025-11-17 14:30:51,711 epoch 9 - iter 954/1592 - loss 0.14971676 - time (sec): 221.73 - samples/sec: 291.87 - lr: 0.100000 - momentum: 0.000000
2025-11-17 14:31:28,955 epoch 9 - iter 1113/1592 - loss 0.14849027 - time (sec): 258.97 - samples/sec: 291.23 - lr: 0.100000 - momentum: 0.000000
2025-11-17 14:32:04,470 epoch 9 - iter 1272/1592 - loss 0.14893123 - time (sec): 294.49 - samples/sec: 290.94 - lr: 0.100000 - momentum: 0.000000
2025-11-17 14:32:41,875 epoch 9 - iter 1431/1592 - loss 0.14799513 - time (sec): 331.89 - samples/sec: 291.26 - lr: 0.100000 - momentum: 0.000000
2025-11-17 14:33:18,432 epoch 9 - iter 1590/1592 - loss 0.14838958 - time (sec): 368.45 - samples/sec: 290.49 - lr: 0.100000 - momentum: 0.000000
2025-11-17 14:33:18,695 ----------------------------------------------------------------------------------------------------
2025-11-17 14:33:18,696 EPOCH 9 done: loss 0.1484 - lr: 0.100000
2025-11-17 14:33:46,043 DEV : loss 0.11923133581876755 - f1-score (micro avg)  0.7013
2025-11-17 14:34:16,284 TEST : loss 0.12384063005447388 - f1-score (micro avg)  0.6775
2025-11-17 14:34:16,417  - 1 epochs without improvement
2025-11-17 14:34:16,420 ----------------------------------------------------------------------------------------------------
2025-11-17 14:34:55,185 epoch 10 - iter 159/1592 - loss 0.14594436 - time (sec): 38.76 - samples/sec: 264.48 - lr: 0.100000 - momentum: 0.000000
2025-11-17 14:35:32,871 epoch 10 - iter 318/1592 - loss 0.14682481 - time (sec): 76.45 - samples/sec: 276.02 - lr: 0.100000 - momentum: 0.000000
2025-11-17 14:36:09,289 epoch 10 - iter 477/1592 - loss 0.14514840 - time (sec): 112.87 - samples/sec: 280.91 - lr: 0.100000 - momentum: 0.000000
2025-11-17 14:36:45,821 epoch 10 - iter 636/1592 - loss 0.14436042 - time (sec): 149.40 - samples/sec: 283.75 - lr: 0.100000 - momentum: 0.000000
2025-11-17 14:37:24,072 epoch 10 - iter 795/1592 - loss 0.14513746 - time (sec): 187.65 - samples/sec: 283.69 - lr: 0.100000 - momentum: 0.000000
2025-11-17 14:38:01,520 epoch 10 - iter 954/1592 - loss 0.14430510 - time (sec): 225.10 - samples/sec: 284.75 - lr: 0.100000 - momentum: 0.000000
2025-11-17 14:38:36,948 epoch 10 - iter 1113/1592 - loss 0.14488322 - time (sec): 260.53 - samples/sec: 285.32 - lr: 0.100000 - momentum: 0.000000
2025-11-17 14:39:15,368 epoch 10 - iter 1272/1592 - loss 0.14492432 - time (sec): 298.95 - samples/sec: 285.35 - lr: 0.100000 - momentum: 0.000000
2025-11-17 14:39:53,062 epoch 10 - iter 1431/1592 - loss 0.14531773 - time (sec): 336.64 - samples/sec: 286.04 - lr: 0.100000 - momentum: 0.000000
2025-11-17 14:40:29,660 epoch 10 - iter 1590/1592 - loss 0.14553996 - time (sec): 373.24 - samples/sec: 286.61 - lr: 0.100000 - momentum: 0.000000
2025-11-17 14:40:30,021 ----------------------------------------------------------------------------------------------------
2025-11-17 14:40:30,022 EPOCH 10 done: loss 0.1456 - lr: 0.100000
2025-11-17 14:40:30,025 Saving model at current epoch since 'save_model_each_k_epochs=5' was set
2025-11-17 14:41:09,822 DEV : loss 0.12636910378932953 - f1-score (micro avg)  0.7068
2025-11-17 14:41:39,127 TEST : loss 0.13308927416801453 - f1-score (micro avg)  0.6821
2025-11-17 14:41:39,256  - 2 epochs without improvement
2025-11-17 14:41:51,820 ----------------------------------------------------------------------------------------------------
2025-11-17 14:41:51,828 Loading model from best epoch ...
2025-11-17 14:41:57,630 SequenceTagger predicts: Dictionary with 11 tags: O, S-ADR, B-ADR, E-ADR, I-ADR, S-DRUG, B-DRUG, E-DRUG, I-DRUG, <START>, <STOP>
2025-11-17 14:42:33,814 
Results:
- F-score (micro) 0.6951
- F-score (macro) 0.689
- Accuracy 0.5335

By class:
              precision    recall  f1-score   support

        DRUG     0.7105    0.8789    0.7858       958
         ADR     0.6600    0.5370    0.5922      1041

   micro avg     0.6895    0.7009    0.6951      1999
   macro avg     0.6853    0.7079    0.6890      1999
weighted avg     0.6842    0.7009    0.6850      1999

2025-11-17 14:42:33,815 ----------------------------------------------------------------------------------------------------
